#
# There is insufficient memory for the Java Runtime Environment to continue.
# Native memory allocation (malloc) failed to allocate 1047296 bytes for Chunk::new
# Possible reasons:
#   The system is out of physical RAM or swap space
#   In 32 bit mode, the process size limit was hit
# Possible solutions:
#   Reduce memory load on the system
#   Increase physical memory or swap space
#   Check if swap backing store is full
#   Use 64 bit Java on a 64 bit OS
#   Decrease Java heap size (-Xmx/-Xms)
#   Decrease number of Java threads
#   Decrease Java thread stack sizes (-Xss)
#   Set larger code cache with -XX:ReservedCodeCacheSize=
# This output file may be truncated or incomplete.
#
#  Out of Memory Error (allocation.cpp:390), pid=9400, tid=0x0000000000000a1c
#
# JRE version: OpenJDK Runtime Environment (8.0_152-b01) (build 1.8.0_152-release-915-b01)
# Java VM: OpenJDK 64-Bit Server VM (25.152-b01 mixed mode windows-amd64 compressed oops)
# Failed to write core dump. Minidumps are not enabled by default on client versions of Windows
#

---------------  T H R E A D  ---------------

Current thread (0x00000000180eb800):  JavaThread "C2 CompilerThread0" daemon [_thread_in_native, id=2588, stack(0x0000000019770000,0x0000000019870000)]

Stack: [0x0000000019770000,0x0000000019870000]
[error occurred during error reporting (printing stack bounds), id 0xc0000005]

Native frames: (J=compiled Java code, j=interpreted, Vv=VM code, C=native code)


Current CompileTask:
C2:15351032 24697       4       org.gradle.api.internal.tasks.compile.incremental.deps.ClassDependentsAccumulator::addClass (266 bytes)


---------------  P R O C E S S  ---------------

Java Threads: ( => current thread )
  0x000000001d3c4000 JavaThread "Cache worker for Java compile cache (G:\TCC\StyleHairApp\.gradle\4.1\javaCompile)" [_thread_blocked, id=9752, stack(0x0000000040200000,0x0000000040300000)]
  0x000000001d3c3000 JavaThread "Task worker for ':' Thread 3" [_thread_blocked, id=1160, stack(0x0000000040100000,0x0000000040200000)]
  0x000000001d3c8800 JavaThread "Task worker for ':' Thread 2" [_thread_blocked, id=9672, stack(0x0000000040000000,0x0000000040100000)]
  0x000000001d3bb800 JavaThread "Task worker for ':'" [_thread_blocked, id=8076, stack(0x000000003ff00000,0x0000000040000000)]
  0x000000001d3c1800 JavaThread "Cache worker for task history cache (G:\TCC\StyleHairApp\.gradle\4.1\taskHistory)" [_thread_in_native, id=3644, stack(0x000000003fe00000,0x000000003ff00000)]
  0x000000001d3ba000 JavaThread "Cache worker for file content cache (G:\TCC\StyleHairApp\.gradle\4.1\fileContent)" [_thread_blocked, id=10132, stack(0x000000003fd00000,0x000000003fe00000)]
  0x000000001d3c1000 JavaThread "build operations Thread 4" [_thread_blocked, id=2816, stack(0x000000003fc00000,0x000000003fd00000)]
  0x000000001d3bc800 JavaThread "build operations Thread 3" [_thread_blocked, id=8064, stack(0x000000003fb00000,0x000000003fc00000)]
  0x000000001d3bb000 JavaThread "build operations Thread 2" [_thread_blocked, id=4072, stack(0x000000003fa00000,0x000000003fb00000)]
  0x000000001d3b9800 JavaThread "build operations" [_thread_blocked, id=516, stack(0x000000003f900000,0x000000003fa00000)]
  0x000000001d3bf800 JavaThread "Cache worker for Artifact transforms cache (C:\Users\Rodrigo\.gradle\caches\transforms-1)" [_thread_blocked, id=8452, stack(0x000000003f800000,0x000000003f900000)]
  0x000000001d3c0000 JavaThread "Cache worker for file hash cache (G:\TCC\StyleHairApp\.gradle\4.1\fileHashes)" [_thread_blocked, id=6964, stack(0x000000003f700000,0x000000003f800000)]
  0x000000001d3be800 JavaThread "Stdin handler" [_thread_blocked, id=8084, stack(0x000000003f600000,0x000000003f700000)]
  0x000000001d97a800 JavaThread "Asynchronous log dispatcher for DefaultDaemonConnection: socket connection from /127.0.0.1:49877 to /127.0.0.1:51409" [_thread_blocked, id=5840, stack(0x000000003f500000,0x000000003f600000)]
  0x000000001d979800 JavaThread "Daemon worker Thread 5" [_thread_blocked, id=1140, stack(0x000000003f400000,0x000000003f500000)]
  0x000000001d979000 JavaThread "Cancel handler" [_thread_blocked, id=8296, stack(0x000000003f300000,0x000000003f400000)]
  0x000000001d978000 JavaThread "Handler for socket connection from /127.0.0.1:49877 to /127.0.0.1:51409" [_thread_in_native, id=4612, stack(0x000000003f200000,0x000000003f300000)]
  0x000000001d977800 JavaThread "Daemon Thread 5" [_thread_blocked, id=3308, stack(0x000000003f100000,0x000000003f200000)]
  0x000000001d97c800 JavaThread "Memory manager" [_thread_blocked, id=448, stack(0x0000000022d20000,0x0000000022e20000)]
  0x000000001aaa9000 JavaThread "File lock request listener" [_thread_in_native, id=6692, stack(0x000000001cc20000,0x000000001cd20000)]
  0x000000001ad02800 JavaThread "Cache worker for file hash cache (C:\Users\Rodrigo\.gradle\caches\4.1\fileHashes)" [_thread_blocked, id=6744, stack(0x000000001cb20000,0x000000001cc20000)]
  0x000000001aa5c000 JavaThread "Daemon periodic checks" [_thread_blocked, id=2840, stack(0x000000001c220000,0x000000001c320000)]
  0x000000001ac7f000 JavaThread "Incoming local TCP Connector on port 49877" [_thread_in_native, id=3344, stack(0x000000001bd80000,0x000000001be80000)]
  0x0000000019a92800 JavaThread "Service Thread" daemon [_thread_blocked, id=2616, stack(0x0000000019e70000,0x0000000019f70000)]
  0x0000000018145800 JavaThread "C1 CompilerThread2" daemon [_thread_blocked, id=2640, stack(0x0000000019970000,0x0000000019a70000)]
  0x00000000180f1000 JavaThread "C2 CompilerThread1" daemon [_thread_in_native, id=2604, stack(0x0000000019870000,0x0000000019970000)]
=>0x00000000180eb800 JavaThread "C2 CompilerThread0" daemon [_thread_in_native, id=2588, stack(0x0000000019770000,0x0000000019870000)]
  0x00000000180ea000 JavaThread "Attach Listener" daemon [_thread_blocked, id=4316, stack(0x0000000019670000,0x0000000019770000)]
  0x00000000180e9000 JavaThread "Signal Dispatcher" daemon [_thread_blocked, id=1996, stack(0x0000000019570000,0x0000000019670000)]
  0x000000000475b000 JavaThread "Finalizer" daemon [_thread_blocked, id=4520, stack(0x0000000019360000,0x0000000019460000)]
  0x00000000180b7000 JavaThread "Reference Handler" daemon [_thread_blocked, id=1440, stack(0x0000000019260000,0x0000000019360000)]
  0x0000000002d7d800 JavaThread "main" [_thread_blocked, id=3484, stack(0x0000000004560000,0x0000000004660000)]

Other Threads:
  0x00000000180b6000 VMThread [stack: 0x0000000019160000,0x0000000019260000] [id=1336]
  0x0000000019a94800 WatcherThread [stack: 0x0000000019f70000,0x000000001a070000] [id=5064]

VM state:not at safepoint (normal execution)

VM Mutex/Monitor currently owned by a thread: None

Heap:
 PSYoungGen      total 474112K, used 61124K [0x00000000e0000000, 0x0000000100000000, 0x0000000100000000)
  eden space 439296K, 5% used [0x00000000e0000000,0x00000000e19b5618,0x00000000fad00000)
  from space 34816K, 99% used [0x00000000fdb00000,0x00000000ffcfba40,0x00000000ffd00000)
  to   space 42496K, 0% used [0x00000000fad00000,0x00000000fad00000,0x00000000fd680000)
 ParOldGen       total 232448K, used 99087K [0x00000000a0000000, 0x00000000ae300000, 0x00000000e0000000)
  object space 232448K, 42% used [0x00000000a0000000,0x00000000a60c3c38,0x00000000ae300000)
 Metaspace       used 101582K, capacity 108340K, committed 108620K, reserved 1142784K
  class space    used 12803K, capacity 14370K, committed 14464K, reserved 1048576K

Card table byte_map: [0x0000000013b20000,0x0000000013e30000] byte_map_base: 0x0000000013620000

Marking Bits: (ParMarkBitMap*) 0x0000000062e53950
 Begin Bits: [0x0000000014430000, 0x0000000015c30000)
 End Bits:   [0x0000000015c30000, 0x0000000017430000)

Polling page: 0x0000000002d80000

CodeCache: size=245760Kb used=69710Kb max_used=69721Kb free=176049Kb
 bounds [0x0000000004760000, 0x0000000008be0000, 0x0000000013760000]
 total_blobs=20117 nmethods=19263 adapters=765
 compilation: enabled

Compilation events (10 events):
Event: 15348.782 Thread 0x00000000180f1000 nmethod 24701 0x0000000008bd2e10 code [0x0000000008bd3020, 0x0000000008bd3fb0]
Event: 15348.782 Thread 0x00000000180f1000 24704       4       com.google.common.collect.AbstractMapBasedMultimap$KeySet$1::hasNext (10 bytes)
Event: 15348.783 Thread 0x00000000180f1000 nmethod 24704 0x0000000008b8dbd0 code [0x0000000008b8dd20, 0x0000000008b8ddd8]
Event: 15348.783 Thread 0x00000000180f1000 24705       4       com.google.common.collect.AbstractSetMultimap::get (6 bytes)
Event: 15348.786 Thread 0x0000000018145800 24709       2       org.gradle.internal.typeconversion.NotationConverterToNotationParserAdapter$ResultImpl::<init> (5 bytes)
Event: 15348.786 Thread 0x0000000018145800 nmethod 24709 0x0000000008b81a90 code [0x0000000008b81be0, 0x0000000008b81d30]
Event: 15348.809 Thread 0x0000000018145800 24710       3       org.gradle.execution.taskgraph.DefaultTaskExecutionPlan$10::apply (9 bytes)
Event: 15348.809 Thread 0x0000000018145800 nmethod 24710 0x0000000008bd2950 code [0x0000000008bd2ac0, 0x0000000008bd2d48]
Event: 15348.810 Thread 0x0000000018145800 24711       3       org.gradle.internal.logging.sink.ProgressLogEventGenerator$Operation::plainTextEvent (31 bytes)
Event: 15348.811 Thread 0x0000000018145800 nmethod 24711 0x0000000008bd1910 code [0x0000000008bd1ae0, 0x0000000008bd2308]

GC Heap History (10 events):
Event: 6806.740 GC heap before
{Heap before GC invocations=30 (full 4):
 PSYoungGen      total 395776K, used 373424K [0x00000000e0000000, 0x00000000fe180000, 0x0000000100000000)
  eden space 363520K, 100% used [0x00000000e0000000,0x00000000f6300000,0x00000000f6300000)
  from space 32256K, 30% used [0x00000000f6300000,0x00000000f6cac110,0x00000000f8280000)
  to   space 31232K, 0% used [0x00000000fc300000,0x00000000fc300000,0x00000000fe180000)
 ParOldGen       total 232448K, used 84792K [0x00000000a0000000, 0x00000000ae300000, 0x00000000e0000000)
  object space 232448K, 36% used [0x00000000a0000000,0x00000000a52ce328,0x00000000ae300000)
 Metaspace       used 95557K, capacity 101206K, committed 102476K, reserved 1138688K
  class space    used 12118K, capacity 13444K, committed 13696K, reserved 1048576K
Event: 6806.786 GC heap after
Heap after GC invocations=30 (full 4):
 PSYoungGen      total 455168K, used 31226K [0x00000000e0000000, 0x00000000feb00000, 0x0000000100000000)
  eden space 423936K, 0% used [0x00000000e0000000,0x00000000e0000000,0x00000000f9e00000)
  from space 31232K, 99% used [0x00000000fc300000,0x00000000fe17eb28,0x00000000fe180000)
  to   space 37888K, 0% used [0x00000000f9e00000,0x00000000f9e00000,0x00000000fc300000)
 ParOldGen       total 232448K, used 90597K [0x00000000a0000000, 0x00000000ae300000, 0x00000000e0000000)
  object space 232448K, 38% used [0x00000000a0000000,0x00000000a58796a8,0x00000000ae300000)
 Metaspace       used 95557K, capacity 101206K, committed 102476K, reserved 1138688K
  class space    used 12118K, capacity 13444K, committed 13696K, reserved 1048576K
}
Event: 6847.641 GC heap before
{Heap before GC invocations=31 (full 4):
 PSYoungGen      total 455168K, used 455162K [0x00000000e0000000, 0x00000000feb00000, 0x0000000100000000)
  eden space 423936K, 100% used [0x00000000e0000000,0x00000000f9e00000,0x00000000f9e00000)
  from space 31232K, 99% used [0x00000000fc300000,0x00000000fe17eb28,0x00000000fe180000)
  to   space 37888K, 0% used [0x00000000f9e00000,0x00000000f9e00000,0x00000000fc300000)
 ParOldGen       total 232448K, used 90597K [0x00000000a0000000, 0x00000000ae300000, 0x00000000e0000000)
  object space 232448K, 38% used [0x00000000a0000000,0x00000000a58796a8,0x00000000ae300000)
 Metaspace       used 96909K, capacity 102560K, committed 103884K, reserved 1138688K
  class space    used 12263K, capacity 13591K, committed 13824K, reserved 1048576K
Event: 6847.654 GC heap after
Heap after GC invocations=31 (full 4):
 PSYoungGen      total 461824K, used 5121K [0x00000000e0000000, 0x0000000100000000, 0x0000000100000000)
  eden space 423936K, 0% used [0x00000000e0000000,0x00000000e0000000,0x00000000f9e00000)
  from space 37888K, 13% used [0x00000000f9e00000,0x00000000fa300450,0x00000000fc300000)
  to   space 37888K, 0% used [0x00000000fdb00000,0x00000000fdb00000,0x0000000100000000)
 ParOldGen       total 232448K, used 92421K [0x00000000a0000000, 0x00000000ae300000, 0x00000000e0000000)
  object space 232448K, 39% used [0x00000000a0000000,0x00000000a5a41570,0x00000000ae300000)
 Metaspace       used 96909K, capacity 102560K, committed 103884K, reserved 1138688K
  class space    used 12263K, capacity 13591K, committed 13824K, reserved 1048576K
}
Event: 10504.893 GC heap before
{Heap before GC invocations=32 (full 4):
 PSYoungGen      total 461824K, used 429057K [0x00000000e0000000, 0x0000000100000000, 0x0000000100000000)
  eden space 423936K, 100% used [0x00000000e0000000,0x00000000f9e00000,0x00000000f9e00000)
  from space 37888K, 13% used [0x00000000f9e00000,0x00000000fa300450,0x00000000fc300000)
  to   space 37888K, 0% used [0x00000000fdb00000,0x00000000fdb00000,0x0000000100000000)
 ParOldGen       total 232448K, used 92421K [0x00000000a0000000, 0x00000000ae300000, 0x00000000e0000000)
  object space 232448K, 39% used [0x00000000a0000000,0x00000000a5a41570,0x00000000ae300000)
 Metaspace       used 98022K, capacity 104018K, committed 104652K, reserved 1140736K
  class space    used 12470K, capacity 13906K, committed 14080K, reserved 1048576K
Event: 10504.907 GC heap after
Heap after GC invocations=32 (full 4):
 PSYoungGen      total 484352K, used 7809K [0x00000000e0000000, 0x00000000ffe00000, 0x0000000100000000)
  eden space 448512K, 0% used [0x00000000e0000000,0x00000000e0000000,0x00000000fb600000)
  from space 35840K, 21% used [0x00000000fdb00000,0x00000000fe2a0658,0x00000000ffe00000)
  to   space 36864K, 0% used [0x00000000fb600000,0x00000000fb600000,0x00000000fda00000)
 ParOldGen       total 232448K, used 93333K [0x00000000a0000000, 0x00000000ae300000, 0x00000000e0000000)
  object space 232448K, 40% used [0x00000000a0000000,0x00000000a5b255f8,0x00000000ae300000)
 Metaspace       used 98022K, capacity 104018K, committed 104652K, reserved 1140736K
  class space    used 12470K, capacity 13906K, committed 14080K, reserved 1048576K
}
Event: 15205.506 GC heap before
{Heap before GC invocations=33 (full 4):
 PSYoungGen      total 484352K, used 456321K [0x00000000e0000000, 0x00000000ffe00000, 0x0000000100000000)
  eden space 448512K, 100% used [0x00000000e0000000,0x00000000fb600000,0x00000000fb600000)
  from space 35840K, 21% used [0x00000000fdb00000,0x00000000fe2a0658,0x00000000ffe00000)
  to   space 36864K, 0% used [0x00000000fb600000,0x00000000fb600000,0x00000000fda00000)
 ParOldGen       total 232448K, used 93333K [0x00000000a0000000, 0x00000000ae300000, 0x00000000e0000000)
  object space 232448K, 40% used [0x00000000a0000000,0x00000000a5b255f8,0x00000000ae300000)
 Metaspace       used 99592K, capacity 106068K, committed 106316K, reserved 1140736K
  class space    used 12642K, capacity 14164K, committed 14208K, reserved 1048576K
Event: 15205.587 GC heap after
Heap after GC invocations=33 (full 4):
 PSYoungGen      total 485376K, used 12710K [0x00000000e0000000, 0x00000000ffd00000, 0x0000000100000000)
  eden space 448512K, 0% used [0x00000000e0000000,0x00000000e0000000,0x00000000fb600000)
  from space 36864K, 34% used [0x00000000fb600000,0x00000000fc269b88,0x00000000fda00000)
  to   space 34816K, 0% used [0x00000000fdb00000,0x00000000fdb00000,0x00000000ffd00000)
 ParOldGen       total 232448K, used 93341K [0x00000000a0000000, 0x00000000ae300000, 0x00000000e0000000)
  object space 232448K, 40% used [0x00000000a0000000,0x00000000a5b275f8,0x00000000ae300000)
 Metaspace       used 99592K, capacity 106068K, committed 106316K, reserved 1140736K
  class space    used 12642K, capacity 14164K, committed 14208K, reserved 1048576K
}
Event: 15345.347 GC heap before
{Heap before GC invocations=34 (full 4):
 PSYoungGen      total 485376K, used 461222K [0x00000000e0000000, 0x00000000ffd00000, 0x0000000100000000)
  eden space 448512K, 100% used [0x00000000e0000000,0x00000000fb600000,0x00000000fb600000)
  from space 36864K, 34% used [0x00000000fb600000,0x00000000fc269b88,0x00000000fda00000)
  to   space 34816K, 0% used [0x00000000fdb00000,0x00000000fdb00000,0x00000000ffd00000)
 ParOldGen       total 232448K, used 93341K [0x00000000a0000000, 0x00000000ae300000, 0x00000000e0000000)
  object space 232448K, 40% used [0x00000000a0000000,0x00000000a5b275f8,0x00000000ae300000)
 Metaspace       used 101549K, capacity 108328K, committed 108620K, reserved 1142784K
  class space    used 12802K, capacity 14368K, committed 14464K, reserved 1048576K
Event: 15345.447 GC heap after
Heap after GC invocations=34 (full 4):
 PSYoungGen      total 474112K, used 34798K [0x00000000e0000000, 0x0000000100000000, 0x0000000100000000)
  eden space 439296K, 0% used [0x00000000e0000000,0x00000000e0000000,0x00000000fad00000)
  from space 34816K, 99% used [0x00000000fdb00000,0x00000000ffcfba40,0x00000000ffd00000)
  to   space 42496K, 0% used [0x00000000fad00000,0x00000000fad00000,0x00000000fd680000)
 ParOldGen       total 232448K, used 99087K [0x00000000a0000000, 0x00000000ae300000, 0x00000000e0000000)
  object space 232448K, 42% used [0x00000000a0000000,0x00000000a60c3c38,0x00000000ae300000)
 Metaspace       used 101549K, capacity 108328K, committed 108620K, reserved 1142784K
  class space    used 12802K, capacity 14368K, committed 14464K, reserved 1048576K
}

Deoptimization events (10 events):
Event: 15344.064 Thread 0x000000001d3c3000 Uncommon trap: reason=class_check action=maybe_recompile pc=0x00000000087bb198 method=com.sun.tools.javac.code.Scope.enter(Lcom/sun/tools/javac/code/Symbol;Lcom/sun/tools/javac/code/Scope;)V @ 5
Event: 15344.064 Thread 0x000000001d3c3000 Uncommon trap: reason=class_check action=maybe_recompile pc=0x00000000087bb198 method=com.sun.tools.javac.code.Scope.enter(Lcom/sun/tools/javac/code/Symbol;Lcom/sun/tools/javac/code/Scope;)V @ 5
Event: 15344.535 Thread 0x000000001d3c3000 Uncommon trap: reason=class_check action=maybe_recompile pc=0x000000000518dac0 method=com.sun.tools.javac.jvm.Pool.makePoolValue(Ljava/lang/Object;)Ljava/lang/Object; @ 58
Event: 15344.536 Thread 0x000000001d3c3000 Uncommon trap: reason=class_check action=maybe_recompile pc=0x000000000518dac0 method=com.sun.tools.javac.jvm.Pool.makePoolValue(Ljava/lang/Object;)Ljava/lang/Object; @ 58
Event: 15345.260 Thread 0x000000001d3c3000 Uncommon trap: reason=bimorphic action=maybe_recompile pc=0x000000000488aebc method=com.sun.tools.javac.code.Type.isCompound()Z @ 14
Event: 15345.261 Thread 0x000000001d3c3000 Uncommon trap: reason=bimorphic action=maybe_recompile pc=0x00000000088f1988 method=com.sun.tools.javac.code.Types$14.visitClassType(Lcom/sun/tools/javac/code/Type$ClassType;Lcom/sun/tools/javac/code/Symbol;)Lcom/sun/tools/javac/code/Type; @ 6
Event: 15345.311 Thread 0x000000001d3c3000 Uncommon trap: reason=speculate_class_check action=maybe_recompile pc=0x00000000089baa28 method=com.sun.tools.javac.code.Type.hasTag(Lcom/sun/tools/javac/code/TypeTag;)Z @ 2
Event: 15345.452 Thread 0x000000001d3c3000 Uncommon trap: reason=null_check action=make_not_entrant pc=0x00000000059f76d4 method=com.sun.tools.javac.util.UnsharedNameTable.fromUtf([BII)Lcom/sun/tools/javac/util/Name; @ 50
Event: 15346.150 Thread 0x000000001d3c3000 Uncommon trap: reason=speculate_class_check action=maybe_recompile pc=0x0000000008a2a598 method=com.sun.tools.javac.util.ArrayUtils.ensureCapacity([Ljava/lang/Object;I)[Ljava/lang/Object; @ 39
Event: 15346.314 Thread 0x000000001d3c3000 Uncommon trap: reason=speculate_class_check action=maybe_recompile pc=0x0000000008a2a598 method=com.sun.tools.javac.util.ArrayUtils.ensureCapacity([Ljava/lang/Object;I)[Ljava/lang/Object; @ 39

Classes redefined (0 events):
No events

Internal exceptions (10 events):
Event: 15224.836 Thread 0x000000001d3b9800 Exception <a 'sun/nio/fs/WindowsException'> (0x00000000f04aeb18) thrown at [D:\src\AOSP-openjdk-cygwin\jdk8u\hotspot\src\share\vm\prims\jni.cpp, line 709]
Event: 15224.939 Thread 0x000000001d3bc800 Exception <a 'java/lang/NoSuchMethodError': <clinit>> (0x00000000f067aaf8) thrown at [D:\src\AOSP-openjdk-cygwin\jdk8u\hotspot\src\share\vm\prims\jni.cpp, line 1613]
Event: 15224.941 Thread 0x000000001d3bc800 Exception <a 'java/lang/NoSuchMethodError': <clinit>> (0x00000000f072ad20) thrown at [D:\src\AOSP-openjdk-cygwin\jdk8u\hotspot\src\share\vm\prims\jni.cpp, line 1613]
Event: 15224.945 Thread 0x000000001d3bc800 Exception <a 'java/lang/NoSuchMethodError': <clinit>> (0x00000000f074ca50) thrown at [D:\src\AOSP-openjdk-cygwin\jdk8u\hotspot\src\share\vm\prims\jni.cpp, line 1613]
Event: 15224.945 Thread 0x000000001d3bc800 Exception <a 'java/lang/NoSuchMethodError': <clinit>> (0x00000000f0752528) thrown at [D:\src\AOSP-openjdk-cygwin\jdk8u\hotspot\src\share\vm\prims\jni.cpp, line 1613]
Event: 15224.947 Thread 0x000000001d3bc800 Exception <a 'java/lang/NoSuchMethodError': <clinit>> (0x00000000f07658e0) thrown at [D:\src\AOSP-openjdk-cygwin\jdk8u\hotspot\src\share\vm\prims\jni.cpp, line 1613]
Event: 15224.963 Thread 0x000000001d3bc800 Exception <a 'java/lang/NoSuchMethodError': <clinit>> (0x00000000f078e560) thrown at [D:\src\AOSP-openjdk-cygwin\jdk8u\hotspot\src\share\vm\prims\jni.cpp, line 1613]
Event: 15341.418 Thread 0x000000001d979800 Exception <a 'java/lang/ClassNotFoundException': sync_local_repo114_200jgkfuk8nbgrfw319y4j9a0BeanInfo> (0x00000000f0e64fa8) thrown at [D:\src\AOSP-openjdk-cygwin\jdk8u\hotspot\src\share\vm\classfile\systemDictionary.cpp, line 210]
Event: 15341.419 Thread 0x000000001d979800 Exception <a 'java/lang/ClassNotFoundException': sync_local_repo114_200jgkfuk8nbgrfw319y4j9a0Customizer> (0x00000000f0e6f610) thrown at [D:\src\AOSP-openjdk-cygwin\jdk8u\hotspot\src\share\vm\classfile\systemDictionary.cpp, line 210]
Event: 15345.452 Thread 0x000000001d3c3000 Implicit null exception at 0x00000000059f6fa5 to 0x00000000059f768d

Events (10 events):
Event: 15347.762 Thread 0x000000001d3c3000 DEOPT PACKING pc=0x0000000008a1c5a7 sp=0x00000000401fcc00
Event: 15347.762 Thread 0x000000001d3c3000 DEOPT UNPACKING pc=0x00000000047a75bf sp=0x00000000401fc988 mode 0
Event: 15347.764 Thread 0x000000001d3c3000 DEOPT PACKING pc=0x00000000064554f9 sp=0x00000000401fcba0
Event: 15347.764 Thread 0x000000001d3c3000 DEOPT UNPACKING pc=0x00000000047a75bf sp=0x00000000401fc958 mode 0
Event: 15347.765 Thread 0x000000001d3c3000 DEOPT PACKING pc=0x00000000083c0b31 sp=0x00000000401fccc0
Event: 15347.765 Thread 0x000000001d3c3000 DEOPT UNPACKING pc=0x00000000047a75bf sp=0x00000000401fc9b8 mode 0
Event: 15348.309 Thread 0x000000001d3c0000 DEOPT PACKING pc=0x00000000080effeb sp=0x000000003f7fe5e0
Event: 15348.309 Thread 0x000000001d3c0000 DEOPT UNPACKING pc=0x00000000047a75bf sp=0x000000003f7fe338 mode 0
Event: 15348.786 loading class org/gradle/internal/typeconversion/NotationConverterToNotationParserAdapter$1
Event: 15348.786 loading class org/gradle/internal/typeconversion/NotationConverterToNotationParserAdapter$1 done


Dynamic libraries:
0x00007ff74b800000 - 0x00007ff74b831000 	F:\androidStudio\jre\bin\java.exe
0x00007ffc07570000 - 0x00007ffc07750000 	C:\WINDOWS\SYSTEM32\ntdll.dll
0x00007ffc06f90000 - 0x00007ffc0703e000 	C:\WINDOWS\System32\KERNEL32.DLL
0x00007ffc041f0000 - 0x00007ffc04456000 	C:\WINDOWS\System32\KERNELBASE.dll
0x00007ffc06790000 - 0x00007ffc06831000 	C:\WINDOWS\System32\ADVAPI32.dll
0x00007ffc05f30000 - 0x00007ffc05fcd000 	C:\WINDOWS\System32\msvcrt.dll
0x00007ffc06d80000 - 0x00007ffc06ddb000 	C:\WINDOWS\System32\sechost.dll
0x00007ffc06370000 - 0x00007ffc0648f000 	C:\WINDOWS\System32\RPCRT4.dll
0x00007ffc06600000 - 0x00007ffc0678f000 	C:\WINDOWS\System32\USER32.dll
0x00007ffc04630000 - 0x00007ffc04650000 	C:\WINDOWS\System32\win32u.dll
0x00007ffc05ea0000 - 0x00007ffc05ec8000 	C:\WINDOWS\System32\GDI32.dll
0x00007ffc04650000 - 0x00007ffc047e3000 	C:\WINDOWS\System32\gdi32full.dll
0x00007ffc047f0000 - 0x00007ffc0488b000 	C:\WINDOWS\System32\msvcp_win.dll
0x00007ffc04940000 - 0x00007ffc04a36000 	C:\WINDOWS\System32\ucrtbase.dll
0x00007ffbf8820000 - 0x00007ffbf8a89000 	C:\WINDOWS\WinSxS\amd64_microsoft.windows.common-controls_6595b64144ccf1df_6.0.16299.309_none_15cfd4c4935e6b11\COMCTL32.dll
0x00007ffc05fd0000 - 0x00007ffc062d8000 	C:\WINDOWS\System32\combase.dll
0x00007ffc03a20000 - 0x00007ffc03a92000 	C:\WINDOWS\System32\bcryptPrimitives.dll
0x00007ffc062e0000 - 0x00007ffc0630d000 	C:\WINDOWS\System32\IMM32.DLL
0x0000000063740000 - 0x0000000063812000 	F:\androidStudio\jre\jre\bin\msvcr100.dll
0x0000000062690000 - 0x0000000062ece000 	F:\androidStudio\jre\jre\bin\server\jvm.dll
0x00007ffc07530000 - 0x00007ffc07538000 	C:\WINDOWS\System32\PSAPI.DLL
0x00007ffbfe4a0000 - 0x00007ffbfe4a9000 	C:\WINDOWS\SYSTEM32\WSOCK32.dll
0x00007ffc07210000 - 0x00007ffc0727c000 	C:\WINDOWS\System32\WS2_32.dll
0x00007ffc00020000 - 0x00007ffc00043000 	C:\WINDOWS\SYSTEM32\WINMM.dll
0x00007ffbfbec0000 - 0x00007ffbfbeca000 	C:\WINDOWS\SYSTEM32\VERSION.dll
0x00007ffbfffc0000 - 0x00007ffbfffea000 	C:\WINDOWS\SYSTEM32\WINMMBASE.dll
0x00007ffc04890000 - 0x00007ffc048da000 	C:\WINDOWS\System32\cfgmgr32.dll
0x00007ffbfe490000 - 0x00007ffbfe49f000 	F:\androidStudio\jre\jre\bin\verify.dll
0x00007ffbfe460000 - 0x00007ffbfe489000 	F:\androidStudio\jre\jre\bin\java.dll
0x00007ffbfe440000 - 0x00007ffbfe456000 	F:\androidStudio\jre\jre\bin\zip.dll
0x00007ffc04a40000 - 0x00007ffc05e76000 	C:\WINDOWS\System32\SHELL32.dll
0x00007ffc06e40000 - 0x00007ffc06ee6000 	C:\WINDOWS\System32\shcore.dll
0x00007ffc03aa0000 - 0x00007ffc041e7000 	C:\WINDOWS\System32\windows.storage.dll
0x00007ffc06310000 - 0x00007ffc06361000 	C:\WINDOWS\System32\shlwapi.dll
0x00007ffc03930000 - 0x00007ffc03941000 	C:\WINDOWS\System32\kernel.appcore.dll
0x00007ffc038c0000 - 0x00007ffc0390c000 	C:\WINDOWS\System32\powrprof.dll
0x00007ffc03910000 - 0x00007ffc0392b000 	C:\WINDOWS\System32\profapi.dll
0x00007ffbfe400000 - 0x00007ffbfe41a000 	F:\androidStudio\jre\jre\bin\net.dll
0x00007ffc03150000 - 0x00007ffc031b6000 	C:\WINDOWS\system32\mswsock.dll
0x00007ffbfe3e0000 - 0x00007ffbfe3f1000 	F:\androidStudio\jre\jre\bin\nio.dll
0x00007ffbe1360000 - 0x00007ffbe137e000 	C:\Users\Rodrigo\.gradle\native\25\windows-amd64\native-platform.dll
0x00007ffbfe320000 - 0x00007ffbfe32d000 	F:\androidStudio\jre\jre\bin\management.dll
0x00007ffc03310000 - 0x00007ffc03327000 	C:\WINDOWS\SYSTEM32\CRYPTSP.dll
0x00007ffc02d50000 - 0x00007ffc02d83000 	C:\WINDOWS\system32\rsaenh.dll
0x00007ffc03420000 - 0x00007ffc03445000 	C:\WINDOWS\SYSTEM32\bcrypt.dll
0x00007ffc037f0000 - 0x00007ffc03819000 	C:\WINDOWS\SYSTEM32\USERENV.dll
0x00007ffc03330000 - 0x00007ffc0333b000 	C:\WINDOWS\SYSTEM32\CRYPTBASE.dll
0x00007ffc02ee0000 - 0x00007ffc02f19000 	C:\WINDOWS\SYSTEM32\IPHLPAPI.DLL
0x00007ffc06d70000 - 0x00007ffc06d78000 	C:\WINDOWS\System32\NSI.dll
0x00007ffbfd400000 - 0x00007ffbfd416000 	C:\WINDOWS\SYSTEM32\dhcpcsvc6.DLL
0x00007ffbfe050000 - 0x00007ffbfe06a000 	C:\WINDOWS\SYSTEM32\dhcpcsvc.DLL
0x00007ffc029f0000 - 0x00007ffc02a21000 	C:\WINDOWS\SYSTEM32\ntmarta.dll

VM Arguments:
jvm_args: -Xmx1536m -Dfile.encoding=windows-1252 -Duser.country=BR -Duser.language=pt -Duser.variant 
java_command: org.gradle.launcher.daemon.bootstrap.GradleDaemon 4.1
java_class_path (initial): C:\Users\Rodrigo\.gradle\wrapper\dists\gradle-4.1-all\bzyivzo6n839fup2jbap0tjew\gradle-4.1\lib\gradle-launcher-4.1.jar
Launcher Type: SUN_STANDARD

Environment Variables:
PATH=C:\Program Files (x86)\NVIDIA Corporation\PhysX\Common;C:\ProgramData\Oracle\Java\javapath;C:\WINDOWS\system32;C:\WINDOWS;C:\WINDOWS\System32\Wbem;C:\WINDOWS\System32\WindowsPowerShell\v1.0\;F:\wamp64\bin\php\php5.6.31;F:\ComposerSetup;C:\Program Files\Microsoft SQL Server\Client SDK\ODBC\110\Tools\Binn\;C:\Program Files (x86)\Microsoft SQL Server\120\Tools\Binn\;C:\Program Files\Microsoft SQL Server\120\Tools\Binn\;C:\Program Files\Microsoft SQL Server\120\DTS\Binn\;C:\Program Files (x86)\Windows Kits\8.1\Windows Performance Toolkit\;F:\putty\;F:\Git\cmd;C:\Users\Rodrigo\AppData\Local\Microsoft\WindowsApps;C:\Users\Rodrigo\AppData\Roaming\Composer\vendor\bin;C:\Users\Rodrigo\AppData\Local\GitHubDesktop\bin
USERNAME=Rodrigo
OS=Windows_NT
PROCESSOR_IDENTIFIER=Intel64 Family 6 Model 69 Stepping 1, GenuineIntel



---------------  S Y S T E M  ---------------

OS: Windows 10.0 , 64 bit Build 16299 (10.0.16299.15)

CPU:total 4 (initial active 4) (2 cores per cpu, 2 threads per core) family 6 model 69 stepping 1, cmov, cx8, fxsr, mmx, sse, sse2, sse3, ssse3, sse4.1, sse4.2, popcnt, avx, avx2, aes, clmul, erms, lzcnt, ht, tsc, tscinvbit, bmi1, bmi2

Memory: 4k page, physical 8302484k(1104576k free), swap 8302484k(116k free)

vm_info: OpenJDK 64-Bit Server VM (25.152-b01) for windows-amd64 JRE (1.8.0_152-release-915-b01), built by "builder" with MS VC++ 10.0 (VS2010)

time: Thu Mar 22 13:39:34 2018
elapsed time: 15348 seconds (0d 4h 15m 48s)

