#
# There is insufficient memory for the Java Runtime Environment to continue.
# Native memory allocation (malloc) failed to allocate 1553776 bytes for Chunk::new
# Possible reasons:
#   The system is out of physical RAM or swap space
#   In 32 bit mode, the process size limit was hit
# Possible solutions:
#   Reduce memory load on the system
#   Increase physical memory or swap space
#   Check if swap backing store is full
#   Use 64 bit Java on a 64 bit OS
#   Decrease Java heap size (-Xmx/-Xms)
#   Decrease number of Java threads
#   Decrease Java thread stack sizes (-Xss)
#   Set larger code cache with -XX:ReservedCodeCacheSize=
# This output file may be truncated or incomplete.
#
#  Out of Memory Error (allocation.cpp:390), pid=10980, tid=0x0000000000000e74
#
# JRE version: OpenJDK Runtime Environment (8.0_152-b02) (build 1.8.0_152-release-1024-b02)
# Java VM: OpenJDK 64-Bit Server VM (25.152-b02 mixed mode windows-amd64 compressed oops)
# Failed to write core dump. Minidumps are not enabled by default on client versions of Windows
#

---------------  T H R E A D  ---------------

Current thread (0x0000000016460000):  JavaThread "C2 CompilerThread1" daemon [_thread_in_native, id=3700, stack(0x0000000017bd0000,0x0000000017cd0000)]

Stack: [0x0000000017bd0000,0x0000000017cd0000]
[error occurred during error reporting (printing stack bounds), id 0xc0000005]

Native frames: (J=compiled Java code, j=interpreted, Vv=VM code, C=native code)


Current CompileTask:
C2:6023541 27208   !   4       com.android.ide.common.res2.ResourceSet::createFileAndItemsFromXml (490 bytes)


---------------  P R O C E S S  ---------------

Java Threads: ( => current thread )
  0x000000001b975800 JavaThread "pool-95-thread-1" [_thread_blocked, id=7300, stack(0x0000000055d30000,0x0000000055e30000)]
  0x000000001b971000 JavaThread "stdout" daemon [_thread_in_native, id=11280, stack(0x0000000055c30000,0x0000000055d30000)]
  0x000000001b977000 JavaThread "stderr" daemon [_thread_in_native, id=12144, stack(0x0000000055b30000,0x0000000055c30000)]
  0x00000000185a0000 JavaThread "stdout" daemon [_thread_in_native, id=7864, stack(0x0000000055a30000,0x0000000055b30000)]
  0x00000000185a7000 JavaThread "stderr" daemon [_thread_in_native, id=2224, stack(0x0000000055930000,0x0000000055a30000)]
  0x00000000185a6800 JavaThread "stdout" daemon [_thread_in_native, id=6236, stack(0x0000000055830000,0x0000000055930000)]
  0x00000000185a2800 JavaThread "stderr" daemon [_thread_in_native, id=13140, stack(0x0000000055730000,0x0000000055830000)]
  0x00000000185a3800 JavaThread "stdout" daemon [_thread_in_native, id=9076, stack(0x0000000055630000,0x0000000055730000)]
  0x00000000185a1800 JavaThread "stderr" daemon [_thread_in_native, id=192, stack(0x0000000055530000,0x0000000055630000)]
  0x00000000185a4000 JavaThread "queued-resource-processor_84" daemon [_thread_blocked, id=10120, stack(0x0000000055430000,0x0000000055530000)]
  0x00000000185a5800 JavaThread "queued-resource-processor_83" daemon [_thread_blocked, id=1224, stack(0x0000000055330000,0x0000000055430000)]
  0x00000000185a1000 JavaThread "queued-resource-processor_82" daemon [_thread_blocked, id=5548, stack(0x0000000055230000,0x0000000055330000)]
  0x00000000185a5000 JavaThread "queued-resource-processor_81" daemon [_thread_blocked, id=4944, stack(0x0000000055130000,0x0000000055230000)]
  0x0000000018598800 JavaThread "Task worker for ':' Thread 3" [_thread_blocked, id=12672, stack(0x0000000055030000,0x0000000055130000)]
  0x000000001859b800 JavaThread "Task worker for ':' Thread 2" [_thread_blocked, id=13156, stack(0x0000000054f30000,0x0000000055030000)]
  0x0000000018599800 JavaThread "Task worker for ':'" [_thread_in_native, id=1232, stack(0x0000000054e30000,0x0000000054f30000)]
  0x000000001859f800 JavaThread "Cache worker for Build Output Cleanup Cache (G:\TCC\StyleHairApp\.gradle\buildOutputCleanup)" [_thread_blocked, id=11288, stack(0x0000000054d30000,0x0000000054e30000)]
  0x000000001859a000 JavaThread "Cache worker for task history cache (G:\TCC\StyleHairApp\.gradle\4.4\taskHistory)" [_thread_blocked, id=12928, stack(0x0000000054c30000,0x0000000054d30000)]
  0x000000001859e000 JavaThread "Cache worker for file content cache (G:\TCC\StyleHairApp\.gradle\4.4\fileContent)" [_thread_blocked, id=9844, stack(0x0000000054b30000,0x0000000054c30000)]
  0x000000001859e800 JavaThread "build operations Thread 4" [_thread_blocked, id=6020, stack(0x0000000054a30000,0x0000000054b30000)]
  0x000000001859d000 JavaThread "build operations Thread 3" [_thread_blocked, id=3252, stack(0x0000000054930000,0x0000000054a30000)]
  0x000000001859c800 JavaThread "build operations Thread 2" [_thread_blocked, id=876, stack(0x0000000054830000,0x0000000054930000)]
  0x0000000018598000 JavaThread "build operations" [_thread_blocked, id=12504, stack(0x0000000054730000,0x0000000054830000)]
  0x00000000187ca000 JavaThread "Cache worker for Artifact transforms cache (C:\Users\Rodrigo\.gradle\caches\transforms-1)" [_thread_blocked, id=11708, stack(0x0000000054630000,0x0000000054730000)]
  0x00000000187c9000 JavaThread "Cache worker for file hash cache (G:\TCC\StyleHairApp\.gradle\4.4\fileHashes)" [_thread_blocked, id=13052, stack(0x0000000054530000,0x0000000054630000)]
  0x00000000187cd800 JavaThread "Stdin handler" [_thread_blocked, id=4816, stack(0x0000000054430000,0x0000000054530000)]
  0x00000000187c6000 JavaThread "Asynchronous log dispatcher for DefaultDaemonConnection: socket connection from /127.0.0.1:63110 to /127.0.0.1:64059" [_thread_blocked, id=4412, stack(0x0000000054330000,0x0000000054430000)]
  0x00000000187cd000 JavaThread "Daemon worker Thread 18" [_thread_blocked, id=11772, stack(0x0000000054230000,0x0000000054330000)]
  0x00000000187c1800 JavaThread "Cancel handler" [_thread_blocked, id=11132, stack(0x0000000054130000,0x0000000054230000)]
  0x00000000187c5800 JavaThread "Handler for socket connection from /127.0.0.1:63110 to /127.0.0.1:64059" [_thread_in_native, id=9708, stack(0x0000000054030000,0x0000000054130000)]
  0x00000000187c7800 JavaThread "Daemon Thread 18" [_thread_blocked, id=2808, stack(0x0000000053f30000,0x0000000054030000)]
  0x00000000187cc000 JavaThread "pool-44-thread-4" [_thread_blocked, id=9112, stack(0x0000000032c30000,0x0000000032d30000)]
  0x000000001b97a800 JavaThread "pool-44-thread-3" [_thread_blocked, id=8144, stack(0x0000000031030000,0x0000000031130000)]
  0x00000000187ca800 JavaThread "pool-44-thread-2" [_thread_blocked, id=1700, stack(0x000000002f430000,0x000000002f530000)]
  0x000000001b976000 JavaThread "pool-44-thread-1" [_thread_blocked, id=4532, stack(0x000000002d830000,0x000000002d930000)]
  0x0000000019915800 JavaThread "Memory manager" [_thread_blocked, id=8384, stack(0x0000000021a60000,0x0000000021b60000)]
  0x0000000019568800 JavaThread "File lock request listener" [_thread_in_native, id=6400, stack(0x000000001af30000,0x000000001b030000)]
  0x00000000195c5000 JavaThread "Cache worker for file hash cache (C:\Users\Rodrigo\.gradle\caches\4.4\fileHashes)" [_thread_blocked, id=6476, stack(0x000000001ae30000,0x000000001af30000)]
  0x0000000019323000 JavaThread "Daemon periodic checks" [_thread_blocked, id=10092, stack(0x000000001a330000,0x000000001a430000)]
  0x00000000192ee800 JavaThread "Incoming local TCP Connector on port 63110" [_thread_in_native, id=6088, stack(0x000000001a0e0000,0x000000001a1e0000)]
  0x0000000017dfd000 JavaThread "Service Thread" daemon [_thread_blocked, id=2576, stack(0x00000000181d0000,0x00000000182d0000)]
  0x0000000016471000 JavaThread "C1 CompilerThread2" daemon [_thread_blocked, id=1216, stack(0x0000000017cd0000,0x0000000017dd0000)]
=>0x0000000016460000 JavaThread "C2 CompilerThread1" daemon [_thread_in_native, id=3700, stack(0x0000000017bd0000,0x0000000017cd0000)]
  0x0000000016459800 JavaThread "C2 CompilerThread0" daemon [_thread_in_native, id=5164, stack(0x0000000017ad0000,0x0000000017bd0000)]
  0x0000000016466000 JavaThread "Attach Listener" daemon [_thread_blocked, id=10820, stack(0x00000000179d0000,0x0000000017ad0000)]
  0x0000000016464800 JavaThread "Signal Dispatcher" daemon [_thread_blocked, id=2380, stack(0x00000000178d0000,0x00000000179d0000)]
  0x0000000002aeb000 JavaThread "Finalizer" daemon [_thread_blocked, id=3660, stack(0x00000000176c0000,0x00000000177c0000)]
  0x0000000002ae0000 JavaThread "Reference Handler" daemon [_thread_blocked, id=2448, stack(0x00000000175c0000,0x00000000176c0000)]
  0x000000000295d800 JavaThread "main" [_thread_blocked, id=10280, stack(0x00000000027f0000,0x00000000028f0000)]

Other Threads:
  0x0000000016426000 VMThread [stack: 0x00000000174c0000,0x00000000175c0000] [id=11140]
  0x0000000017dfd800 WatcherThread [stack: 0x00000000182d0000,0x00000000183d0000] [id=4008]

VM state:not at safepoint (normal execution)

VM Mutex/Monitor currently owned by a thread: None

Heap:
 PSYoungGen      total 347136K, used 61251K [0x00000000e0000000, 0x00000000f8d80000, 0x0000000100000000)
  eden space 291840K, 18% used [0x00000000e0000000,0x00000000e35cce20,0x00000000f1d00000)
  from space 55296K, 11% used [0x00000000f1d00000,0x00000000f2304030,0x00000000f5300000)
  to   space 56320K, 0% used [0x00000000f5680000,0x00000000f5680000,0x00000000f8d80000)
 ParOldGen       total 194048K, used 57972K [0x00000000a0000000, 0x00000000abd80000, 0x00000000e0000000)
  object space 194048K, 29% used [0x00000000a0000000,0x00000000a389d0b0,0x00000000abd80000)
 Metaspace       used 92078K, capacity 97540K, committed 98348K, reserved 1134592K
  class space    used 11368K, capacity 12307K, committed 12544K, reserved 1048576K

Card table byte_map: [0x0000000011eb0000,0x00000000121c0000] byte_map_base: 0x00000000119b0000

Marking Bits: (ParMarkBitMap*) 0x00000000600b4970
 Begin Bits: [0x00000000127c0000, 0x0000000013fc0000)
 End Bits:   [0x0000000013fc0000, 0x00000000157c0000)

Polling page: 0x0000000000c10000

CodeCache: size=245760Kb used=76340Kb max_used=76350Kb free=169420Kb
 bounds [0x0000000002af0000, 0x0000000007600000, 0x0000000011af0000]
 total_blobs=21469 nmethods=20593 adapters=786
 compilation: enabled

Compilation events (10 events):
Event: 6022.259 Thread 0x0000000016471000 nmethod 27230 0x00000000075efa90 code [0x00000000075efc20, 0x00000000075effa8]
Event: 6022.473 Thread 0x0000000016459800 27231       4       java.util.LinkedHashMap$LinkedEntrySet::forEach (67 bytes)
Event: 6022.476 Thread 0x0000000016459800 nmethod 27231 0x00000000075e87d0 code [0x00000000075e8920, 0x00000000075e8a68]
Event: 6022.499 Thread 0x0000000016459800 27232       4       java.util.concurrent.ConcurrentHashMap$EntryIterator::next (5 bytes)
Event: 6022.506 Thread 0x0000000016459800 nmethod 27232 0x00000000075e80d0 code [0x00000000075e8220, 0x00000000075e8518]
Event: 6022.528 Thread 0x0000000016459800 27233       4       java.io.BufferedWriter::newLine (9 bytes)
Event: 6022.539 Thread 0x0000000016459800 nmethod 27233 0x00000000075eedd0 code [0x00000000075eef20, 0x00000000075ef528]
Event: 6022.559 Thread 0x0000000016471000 27234       3       com.android.ide.common.res2.ResourceSet::appendToXml (49 bytes)
Event: 6022.560 Thread 0x0000000016471000 nmethod 27234 0x00000000075e99d0 code [0x00000000075e9b60, 0x00000000075e9f68]
Event: 6022.567 Thread 0x0000000016459800 27235 %     4       com.android.ide.common.res2.DataSet::appendToXml @ 208 (374 bytes)

GC Heap History (10 events):
Event: 4932.426 GC heap before
{Heap before GC invocations=25 (full 3):
 PSYoungGen      total 352256K, used 352061K [0x00000000e0000000, 0x00000000fa300000, 0x0000000100000000)
  eden space 316416K, 100% used [0x00000000e0000000,0x00000000f3500000,0x00000000f3500000)
  from space 35840K, 99% used [0x00000000f4180000,0x00000000f644f4a8,0x00000000f6480000)
  to   space 56320K, 0% used [0x00000000f6c00000,0x00000000f6c00000,0x00000000fa300000)
 ParOldGen       total 130048K, used 62913K [0x00000000a0000000, 0x00000000a7f00000, 0x00000000e0000000)
  object space 130048K, 48% used [0x00000000a0000000,0x00000000a3d707a8,0x00000000a7f00000)
 Metaspace       used 91465K, capacity 96354K, committed 96512K, reserved 1134592K
  class space    used 11304K, capacity 12200K, committed 12288K, reserved 1048576K
Event: 4932.487 GC heap after
Heap after GC invocations=25 (full 3):
 PSYoungGen      total 348160K, used 35326K [0x00000000e0000000, 0x00000000f9700000, 0x0000000100000000)
  eden space 304128K, 0% used [0x00000000e0000000,0x00000000e0000000,0x00000000f2900000)
  from space 44032K, 80% used [0x00000000f6c00000,0x00000000f8e7fa68,0x00000000f9700000)
  to   space 56320K, 0% used [0x00000000f2900000,0x00000000f2900000,0x00000000f6000000)
 ParOldGen       total 130048K, used 62913K [0x00000000a0000000, 0x00000000a7f00000, 0x00000000e0000000)
  object space 130048K, 48% used [0x00000000a0000000,0x00000000a3d707a8,0x00000000a7f00000)
 Metaspace       used 91465K, capacity 96354K, committed 96512K, reserved 1134592K
  class space    used 11304K, capacity 12200K, committed 12288K, reserved 1048576K
}
Event: 5352.290 GC heap before
{Heap before GC invocations=26 (full 3):
 PSYoungGen      total 348160K, used 275925K [0x00000000e0000000, 0x00000000f9700000, 0x0000000100000000)
  eden space 304128K, 79% used [0x00000000e0000000,0x00000000eeaf5d70,0x00000000f2900000)
  from space 44032K, 80% used [0x00000000f6c00000,0x00000000f8e7fa68,0x00000000f9700000)
  to   space 56320K, 0% used [0x00000000f2900000,0x00000000f2900000,0x00000000f6000000)
 ParOldGen       total 130048K, used 62913K [0x00000000a0000000, 0x00000000a7f00000, 0x00000000e0000000)
  object space 130048K, 48% used [0x00000000a0000000,0x00000000a3d707a8,0x00000000a7f00000)
 Metaspace       used 92352K, capacity 98292K, committed 98348K, reserved 1134592K
  class space    used 11461K, capacity 12491K, committed 12544K, reserved 1048576K
Event: 5352.401 GC heap after
Heap after GC invocations=26 (full 3):
 PSYoungGen      total 324608K, used 32209K [0x00000000e0000000, 0x00000000f8880000, 0x0000000100000000)
  eden space 292352K, 0% used [0x00000000e0000000,0x00000000e0000000,0x00000000f1d80000)
  from space 32256K, 99% used [0x00000000f2900000,0x00000000f48744a0,0x00000000f4880000)
  to   space 54784K, 0% used [0x00000000f5300000,0x00000000f5300000,0x00000000f8880000)
 ParOldGen       total 130048K, used 62921K [0x00000000a0000000, 0x00000000a7f00000, 0x00000000e0000000)
  object space 130048K, 48% used [0x00000000a0000000,0x00000000a3d727a8,0x00000000a7f00000)
 Metaspace       used 92352K, capacity 98292K, committed 98348K, reserved 1134592K
  class space    used 11461K, capacity 12491K, committed 12544K, reserved 1048576K
}
Event: 5352.401 GC heap before
{Heap before GC invocations=27 (full 4):
 PSYoungGen      total 324608K, used 32209K [0x00000000e0000000, 0x00000000f8880000, 0x0000000100000000)
  eden space 292352K, 0% used [0x00000000e0000000,0x00000000e0000000,0x00000000f1d80000)
  from space 32256K, 99% used [0x00000000f2900000,0x00000000f48744a0,0x00000000f4880000)
  to   space 54784K, 0% used [0x00000000f5300000,0x00000000f5300000,0x00000000f8880000)
 ParOldGen       total 130048K, used 62921K [0x00000000a0000000, 0x00000000a7f00000, 0x00000000e0000000)
  object space 130048K, 48% used [0x00000000a0000000,0x00000000a3d727a8,0x00000000a7f00000)
 Metaspace       used 92352K, capacity 98292K, committed 98348K, reserved 1134592K
  class space    used 11461K, capacity 12491K, committed 12544K, reserved 1048576K
Event: 5353.037 GC heap after
Heap after GC invocations=27 (full 4):
 PSYoungGen      total 324608K, used 0K [0x00000000e0000000, 0x00000000f8880000, 0x0000000100000000)
  eden space 292352K, 0% used [0x00000000e0000000,0x00000000e0000000,0x00000000f1d80000)
  from space 32256K, 0% used [0x00000000f2900000,0x00000000f2900000,0x00000000f4880000)
  to   space 54784K, 0% used [0x00000000f5300000,0x00000000f5300000,0x00000000f8880000)
 ParOldGen       total 194048K, used 57956K [0x00000000a0000000, 0x00000000abd80000, 0x00000000e0000000)
  object space 194048K, 29% used [0x00000000a0000000,0x00000000a38990b0,0x00000000abd80000)
 Metaspace       used 91679K, capacity 97014K, committed 98348K, reserved 1134592K
  class space    used 11318K, capacity 12220K, committed 12544K, reserved 1048576K
}
Event: 5488.005 GC heap before
{Heap before GC invocations=28 (full 4):
 PSYoungGen      total 324608K, used 292352K [0x00000000e0000000, 0x00000000f8880000, 0x0000000100000000)
  eden space 292352K, 100% used [0x00000000e0000000,0x00000000f1d80000,0x00000000f1d80000)
  from space 32256K, 0% used [0x00000000f2900000,0x00000000f2900000,0x00000000f4880000)
  to   space 54784K, 0% used [0x00000000f5300000,0x00000000f5300000,0x00000000f8880000)
 ParOldGen       total 194048K, used 57956K [0x00000000a0000000, 0x00000000abd80000, 0x00000000e0000000)
  object space 194048K, 29% used [0x00000000a0000000,0x00000000a38990b0,0x00000000abd80000)
 Metaspace       used 91939K, capacity 97480K, committed 98348K, reserved 1134592K
  class space    used 11361K, capacity 12297K, committed 12544K, reserved 1048576K
Event: 5488.026 GC heap after
Heap after GC invocations=28 (full 4):
 PSYoungGen      total 346624K, used 9920K [0x00000000e0000000, 0x00000000f8e00000, 0x0000000100000000)
  eden space 291840K, 0% used [0x00000000e0000000,0x00000000e0000000,0x00000000f1d00000)
  from space 54784K, 18% used [0x00000000f5300000,0x00000000f5cb0040,0x00000000f8880000)
  to   space 55296K, 0% used [0x00000000f1d00000,0x00000000f1d00000,0x00000000f5300000)
 ParOldGen       total 194048K, used 57964K [0x00000000a0000000, 0x00000000abd80000, 0x00000000e0000000)
  object space 194048K, 29% used [0x00000000a0000000,0x00000000a389b0b0,0x00000000abd80000)
 Metaspace       used 91939K, capacity 97480K, committed 98348K, reserved 1134592K
  class space    used 11361K, capacity 12297K, committed 12544K, reserved 1048576K
}
Event: 6021.643 GC heap before
{Heap before GC invocations=29 (full 4):
 PSYoungGen      total 346624K, used 301760K [0x00000000e0000000, 0x00000000f8e00000, 0x0000000100000000)
  eden space 291840K, 100% used [0x00000000e0000000,0x00000000f1d00000,0x00000000f1d00000)
  from space 54784K, 18% used [0x00000000f5300000,0x00000000f5cb0040,0x00000000f8880000)
  to   space 55296K, 0% used [0x00000000f1d00000,0x00000000f1d00000,0x00000000f5300000)
 ParOldGen       total 194048K, used 57964K [0x00000000a0000000, 0x00000000abd80000, 0x00000000e0000000)
  object space 194048K, 29% used [0x00000000a0000000,0x00000000a389b0b0,0x00000000abd80000)
 Metaspace       used 92066K, capacity 97534K, committed 98348K, reserved 1134592K
  class space    used 11367K, capacity 12306K, committed 12544K, reserved 1048576K
Event: 6021.663 GC heap after
Heap after GC invocations=29 (full 4):
 PSYoungGen      total 347136K, used 6160K [0x00000000e0000000, 0x00000000f8d80000, 0x0000000100000000)
  eden space 291840K, 0% used [0x00000000e0000000,0x00000000e0000000,0x00000000f1d00000)
  from space 55296K, 11% used [0x00000000f1d00000,0x00000000f2304030,0x00000000f5300000)
  to   space 56320K, 0% used [0x00000000f5680000,0x00000000f5680000,0x00000000f8d80000)
 ParOldGen       total 194048K, used 57972K [0x00000000a0000000, 0x00000000abd80000, 0x00000000e0000000)
  object space 194048K, 29% used [0x00000000a0000000,0x00000000a389d0b0,0x00000000abd80000)
 Metaspace       used 92066K, capacity 97534K, committed 98348K, reserved 1134592K
  class space    used 11367K, capacity 12306K, committed 12544K, reserved 1048576K
}

Deoptimization events (10 events):
Event: 5353.042 Thread 0x0000000018598800 Uncommon trap: reason=unstable_if action=reinterpret pc=0x00000000047525d8 method=sun.util.locale.provider.LocaleResources.removeEmptyReferences()V @ 9
Event: 5353.373 Thread 0x00000000185a1800 Uncommon trap: reason=unstable_if action=reinterpret pc=0x00000000033e60c8 method=com.google.common.collect.MapMakerInternalMap$Segment.getEntry(Ljava/lang/Object;I)Lcom/google/common/collect/MapMakerInternalMap$ReferenceEntry; @ 40
Event: 5354.168 Thread 0x00000000185a6800 Uncommon trap: reason=class_check action=maybe_recompile pc=0x00000000073ef95c method=com.sun.org.apache.xerces.internal.dom.NamedNodeMapImpl.getNamedItemNS(Ljava/lang/String;Ljava/lang/String;)Lorg/w3c/dom/Node; @ 28
Event: 5354.169 Thread 0x00000000185a6800 Uncommon trap: reason=class_check action=maybe_recompile pc=0x00000000073ef95c method=com.sun.org.apache.xerces.internal.dom.NamedNodeMapImpl.getNamedItemNS(Ljava/lang/String;Ljava/lang/String;)Lorg/w3c/dom/Node; @ 28
Event: 5354.169 Thread 0x00000000185a6800 Uncommon trap: reason=class_check action=maybe_recompile pc=0x00000000073ef95c method=com.sun.org.apache.xerces.internal.dom.NamedNodeMapImpl.getNamedItemNS(Ljava/lang/String;Ljava/lang/String;)Lorg/w3c/dom/Node; @ 28
Event: 5354.169 Thread 0x00000000185a6800 Uncommon trap: reason=class_check action=maybe_recompile pc=0x00000000073ef95c method=com.sun.org.apache.xerces.internal.dom.NamedNodeMapImpl.getNamedItemNS(Ljava/lang/String;Ljava/lang/String;)Lorg/w3c/dom/Node; @ 28
Event: 5488.618 Thread 0x000000001859b800 Uncommon trap: reason=unstable_if action=reinterpret pc=0x00000000033badfc method=java.util.concurrent.locks.LockSupport.unpark(Ljava/lang/Thread;)V @ 1
Event: 5848.672 Thread 0x00000000185a0000 Uncommon trap: reason=unstable_if action=reinterpret pc=0x000000000733a16c method=com.google.common.cache.LongAdder.add(J)V @ 95
Event: 5850.176 Thread 0x0000000019915800 Uncommon trap: reason=unstable_if action=reinterpret pc=0x00000000038a1750 method=java.lang.ref.SoftReference.get()Ljava/lang/Object; @ 6
Event: 5850.176 Thread 0x0000000019915800 Uncommon trap: reason=class_check action=maybe_recompile pc=0x0000000007291b68 method=java.util.jar.Manifest$FastInputStream.fill()V @ 24

Classes redefined (0 events):
No events

Internal exceptions (10 events):
Event: 5062.815 Thread 0x00000000187c1800 Exception <a 'sun/nio/fs/WindowsException'> (0x00000000e2b07170) thrown at [D:\src\AOSP-openjdk-cygwin\jdk8u\hotspot\src\share\vm\prims\jni.cpp, line 709]
Event: 5064.147 Thread 0x00000000185a0000 Implicit null exception at 0x00000000073c4ffc to 0x00000000073c5359
Event: 5352.038 Thread 0x0000000018598800 Exception <a 'sun/nio/fs/WindowsException'> (0x00000000ee1fba20) thrown at [D:\src\AOSP-openjdk-cygwin\jdk8u\hotspot\src\share\vm\prims\jni.cpp, line 709]
Event: 5353.040 Thread 0x0000000002aeb000 Exception <a 'java/net/SocketException': Software caused connection abort: socket write error> (0x00000000e000b650) thrown at [D:\src\AOSP-openjdk-cygwin\jdk8u\hotspot\src\share\vm\prims\jni.cpp, line 735]
Event: 5353.044 Thread 0x0000000002aeb000 Exception <a 'java/net/SocketException': Software caused connection abort: socket write error> (0x00000000e000db10) thrown at [D:\src\AOSP-openjdk-cygwin\jdk8u\hotspot\src\share\vm\prims\jni.cpp, line 735]
Event: 5353.373 Thread 0x00000000185a1800 Implicit null exception at 0x00000000033e59c5 to 0x00000000033e60a5
Event: 5484.509 Thread 0x00000000187c1800 Exception <a 'sun/nio/fs/WindowsException'> (0x00000000eaefb4c8) thrown at [D:\src\AOSP-openjdk-cygwin\jdk8u\hotspot\src\share\vm\prims\jni.cpp, line 709]
Event: 5847.647 Thread 0x0000000018598800 Exception <a 'sun/nio/fs/WindowsException'> (0x00000000e4a36600) thrown at [D:\src\AOSP-openjdk-cygwin\jdk8u\hotspot\src\share\vm\prims\jni.cpp, line 709]
Event: 5850.176 Thread 0x0000000019915800 Implicit null exception at 0x00000000038a02dc to 0x00000000038a1739
Event: 6020.401 Thread 0x00000000187cd000 Exception <a 'sun/nio/fs/WindowsException'> (0x00000000efab6ce8) thrown at [D:\src\AOSP-openjdk-cygwin\jdk8u\hotspot\src\share\vm\prims\jni.cpp, line 709]

Events (10 events):
Event: 6022.249 Thread 0x00000000185a3800 Thread added: 0x00000000185a3800
Event: 6022.252 Thread 0x00000000185a2800 Thread added: 0x00000000185a2800
Event: 6022.252 Thread 0x00000000185a6800 Thread added: 0x00000000185a6800
Event: 6022.258 Thread 0x00000000185a7000 Thread added: 0x00000000185a7000
Event: 6022.258 Thread 0x00000000185a0000 Thread added: 0x00000000185a0000
Event: 6022.263 Thread 0x000000001b977000 Thread added: 0x000000001b977000
Event: 6022.263 Thread 0x000000001b971000 Thread added: 0x000000001b971000
Event: 6022.428 Executing VM operation: RevokeBias
Event: 6022.428 Executing VM operation: RevokeBias done
Event: 6022.450 Thread 0x000000001b975800 Thread added: 0x000000001b975800


Dynamic libraries:
0x00007ff65ace0000 - 0x00007ff65ad11000 	F:\androidStudio\jre\bin\java.exe
0x00007ffb05670000 - 0x00007ffb05851000 	C:\WINDOWS\SYSTEM32\ntdll.dll
0x00007ffb03fb0000 - 0x00007ffb04062000 	C:\WINDOWS\System32\KERNEL32.DLL
0x00007ffb02760000 - 0x00007ffb029d3000 	C:\WINDOWS\System32\KERNELBASE.dll
0x00007ffb04070000 - 0x00007ffb04111000 	C:\WINDOWS\System32\ADVAPI32.dll
0x00007ffb02fc0000 - 0x00007ffb0305e000 	C:\WINDOWS\System32\msvcrt.dll
0x00007ffb02da0000 - 0x00007ffb02dfb000 	C:\WINDOWS\System32\sechost.dll
0x00007ffb03250000 - 0x00007ffb03374000 	C:\WINDOWS\System32\RPCRT4.dll
0x00007ffb03440000 - 0x00007ffb035d0000 	C:\WINDOWS\System32\USER32.dll
0x00007ffb029e0000 - 0x00007ffb02a00000 	C:\WINDOWS\System32\win32u.dll
0x00007ffb02ca0000 - 0x00007ffb02cc8000 	C:\WINDOWS\System32\GDI32.dll
0x00007ffb02440000 - 0x00007ffb025d2000 	C:\WINDOWS\System32\gdi32full.dll
0x00007ffb02150000 - 0x00007ffb021ef000 	C:\WINDOWS\System32\msvcp_win.dll
0x00007ffb02a00000 - 0x00007ffb02afa000 	C:\WINDOWS\System32\ucrtbase.dll
0x00007ffaec520000 - 0x00007ffaec789000 	C:\WINDOWS\WinSxS\amd64_microsoft.windows.common-controls_6595b64144ccf1df_6.0.17134.285_none_fb4297e330656775\COMCTL32.dll
0x00007ffb03a20000 - 0x00007ffb03d43000 	C:\WINDOWS\System32\combase.dll
0x00007ffb026e0000 - 0x00007ffb0275a000 	C:\WINDOWS\System32\bcryptPrimitives.dll
0x00007ffb02f80000 - 0x00007ffb02fad000 	C:\WINDOWS\System32\IMM32.DLL
0x0000000060b80000 - 0x0000000060c52000 	F:\androidStudio\jre\jre\bin\msvcr100.dll
0x000000005f8f0000 - 0x000000006012f000 	F:\androidStudio\jre\jre\bin\server\jvm.dll
0x00007ffb02fb0000 - 0x00007ffb02fb8000 	C:\WINDOWS\System32\PSAPI.DLL
0x00007ffae8e30000 - 0x00007ffae8e39000 	C:\WINDOWS\SYSTEM32\WSOCK32.dll
0x00007ffaf8580000 - 0x00007ffaf858a000 	C:\WINDOWS\SYSTEM32\VERSION.dll
0x00007ffaf8760000 - 0x00007ffaf8783000 	C:\WINDOWS\SYSTEM32\WINMM.dll
0x00007ffb03060000 - 0x00007ffb030cc000 	C:\WINDOWS\System32\WS2_32.dll
0x00007ffaf8730000 - 0x00007ffaf875a000 	C:\WINDOWS\SYSTEM32\WINMMBASE.dll
0x00007ffb025e0000 - 0x00007ffb02629000 	C:\WINDOWS\System32\cfgmgr32.dll
0x00007ffaff840000 - 0x00007ffaff84f000 	F:\androidStudio\jre\jre\bin\verify.dll
0x00007ffaff2a0000 - 0x00007ffaff2c9000 	F:\androidStudio\jre\jre\bin\java.dll
0x00007ffafe190000 - 0x00007ffafe1a6000 	F:\androidStudio\jre\jre\bin\zip.dll
0x00007ffb04200000 - 0x00007ffb05640000 	C:\WINDOWS\System32\SHELL32.dll
0x00007ffb02b00000 - 0x00007ffb02ba9000 	C:\WINDOWS\System32\shcore.dll
0x00007ffb01a40000 - 0x00007ffb0214d000 	C:\WINDOWS\System32\windows.storage.dll
0x00007ffb03ef0000 - 0x00007ffb03f41000 	C:\WINDOWS\System32\shlwapi.dll
0x00007ffb01a20000 - 0x00007ffb01a31000 	C:\WINDOWS\System32\kernel.appcore.dll
0x00007ffb01a00000 - 0x00007ffb01a1f000 	C:\WINDOWS\System32\profapi.dll
0x00007ffb019b0000 - 0x00007ffb019fc000 	C:\WINDOWS\System32\powrprof.dll
0x00007ffb019a0000 - 0x00007ffb019aa000 	C:\WINDOWS\System32\FLTLIB.DLL
0x00007ffafda90000 - 0x00007ffafdaaa000 	F:\androidStudio\jre\jre\bin\net.dll
0x00007ffb01200000 - 0x00007ffb01266000 	C:\WINDOWS\system32\mswsock.dll
0x00007ffafc280000 - 0x00007ffafc291000 	F:\androidStudio\jre\jre\bin\nio.dll
0x00007ffaeab50000 - 0x00007ffaeab6e000 	C:\Users\Rodrigo\.gradle\native\25\windows-amd64\native-platform.dll
0x00007ffaff8c0000 - 0x00007ffaff8cd000 	F:\androidStudio\jre\jre\bin\management.dll
0x00007ffb013b0000 - 0x00007ffb013c7000 	C:\WINDOWS\SYSTEM32\CRYPTSP.dll
0x00007ffb00de0000 - 0x00007ffb00e13000 	C:\WINDOWS\system32\rsaenh.dll
0x00007ffb014e0000 - 0x00007ffb01505000 	C:\WINDOWS\SYSTEM32\bcrypt.dll
0x00007ffb018b0000 - 0x00007ffb018d8000 	C:\WINDOWS\SYSTEM32\USERENV.dll
0x00007ffb013d0000 - 0x00007ffb013db000 	C:\WINDOWS\SYSTEM32\CRYPTBASE.dll
0x00007ffb00f80000 - 0x00007ffb00fb8000 	C:\WINDOWS\SYSTEM32\IPHLPAPI.DLL
0x00007ffb02e10000 - 0x00007ffb02e18000 	C:\WINDOWS\System32\NSI.dll
0x00007ffafc500000 - 0x00007ffafc516000 	C:\WINDOWS\SYSTEM32\dhcpcsvc6.DLL
0x00007ffafc4e0000 - 0x00007ffafc4fa000 	C:\WINDOWS\SYSTEM32\dhcpcsvc.DLL
0x00007ffafcf00000 - 0x00007ffafcf24000 	F:\androidStudio\jre\jre\bin\sunec.dll
0x00007ffb00fc0000 - 0x00007ffb0107e000 	C:\WINDOWS\SYSTEM32\DNSAPI.dll
0x00007ffafa370000 - 0x00007ffafa37a000 	C:\Windows\System32\rasadhlp.dll
0x00007ffafb0f0000 - 0x00007ffafb162000 	C:\WINDOWS\System32\fwpuclnt.dll
0x00007ffaff890000 - 0x00007ffaff89b000 	F:\androidStudio\jre\jre\bin\sunmscapi.dll
0x00007ffb02250000 - 0x00007ffb02432000 	C:\WINDOWS\System32\CRYPT32.dll
0x00007ffb01980000 - 0x00007ffb01992000 	C:\WINDOWS\System32\MSASN1.dll
0x00007ffb00a70000 - 0x00007ffb00aa1000 	C:\WINDOWS\SYSTEM32\ntmarta.dll

VM Arguments:
jvm_args: -Xmx1536m -Dfile.encoding=windows-1252 -Duser.country=BR -Duser.language=pt -Duser.variant 
java_command: org.gradle.launcher.daemon.bootstrap.GradleDaemon 4.4
java_class_path (initial): C:\Users\Rodrigo\.gradle\wrapper\dists\gradle-4.4-all\9br9xq1tocpiv8o6njlyu5op1\gradle-4.4\lib\gradle-launcher-4.4.jar
Launcher Type: SUN_STANDARD

Environment Variables:
PATH=C:\Program Files (x86)\NVIDIA Corporation\PhysX\Common;C:\ProgramData\Oracle\Java\javapath;C:\WINDOWS\system32;C:\WINDOWS;C:\WINDOWS\System32\Wbem;C:\WINDOWS\System32\WindowsPowerShell\v1.0\;F:\wamp64\bin\php\php5.6.31;F:\ComposerSetup;C:\Program Files\Microsoft SQL Server\Client SDK\ODBC\110\Tools\Binn\;C:\Program Files (x86)\Microsoft SQL Server\120\Tools\Binn\;C:\Program Files\Microsoft SQL Server\120\Tools\Binn\;C:\Program Files\Microsoft SQL Server\120\DTS\Binn\;C:\Program Files (x86)\Windows Kits\8.1\Windows Performance Toolkit\;F:\putty\;C:\WINDOWS\System32\OpenSSH\;F:\Git\cmd;G:\Go\bin;C:\Go\bin;F:\Microsoft VS Code\bin;C:\Program Files\nodejs\;C:\Users\Rodrigo\AppData\Local\Microsoft\WindowsApps;C:\Users\Rodrigo\AppData\Roaming\Composer\vendor\bin;C:\Users\Rodrigo\AppData\Local\GitHubDesktop\bin;C:\Users\Rodrigo\AppData\Local\Microsoft\WindowsApps;F:\Microsoft VS Code\bin;C:\Go\bin;G:\Go\bin;;F:\Fiddler;C:\Users\Rodrigo\AppData\Roaming\npm
USERNAME=Rodrigo
OS=Windows_NT
PROCESSOR_IDENTIFIER=Intel64 Family 6 Model 69 Stepping 1, GenuineIntel



---------------  S Y S T E M  ---------------

OS: Windows 10.0 , 64 bit Build 17134 (10.0.17134.1)

CPU:total 4 (initial active 4) (2 cores per cpu, 2 threads per core) family 6 model 69 stepping 1, cmov, cx8, fxsr, mmx, sse, sse2, sse3, ssse3, sse4.1, sse4.2, popcnt, avx, avx2, aes, clmul, erms, lzcnt, ht, tsc, tscinvbit, bmi1, bmi2

Memory: 4k page, physical 8302484k(642816k free), swap 8302484k(5336k free)

vm_info: OpenJDK 64-Bit Server VM (25.152-b02) for windows-amd64 JRE (1.8.0_152-release-1024-b02), built by "builder" with MS VC++ 10.0 (VS2010)

time: Wed Sep 19 01:03:27 2018
elapsed time: 6022 seconds (0d 1h 40m 22s)

